[2024-08-30 00:24:58,618] [INFO] [SpringApplicationShutdownHook] [o.s.o.j.LocalContainerEntityManagerFactoryBean.destroy:650]: Closing JPA EntityManagerFactory for persistence unit 'default'
[2024-08-30 00:25:13,709] [INFO] [restartedMain] [c.tc.booking.api.BookingApiApplication.logStarting:50]: Starting BookingApiApplication using Java 17.0.12 with PID 9148 (D:\TTDN2\gitrepo\booking-api\target\classes started by Admin in D:\TTDN2\gitrepo\booking-api)
[2024-08-30 00:25:13,714] [DEBUG] [restartedMain] [c.tc.booking.api.BookingApiApplication.logStarting:51]: Running with Spring Boot v3.3.3, Spring v6.1.8
[2024-08-30 00:25:13,717] [INFO] [restartedMain] [c.tc.booking.api.BookingApiApplication.logStartupProfileInfo:660]: The following 1 profile is active: "local"
[2024-08-30 00:25:13,789] [INFO] [restartedMain] [o.s.b.d.e.DevToolsPropertyDefaultsPostProcessor.logTo:252]: Devtools property defaults active! Set 'spring.devtools.add-properties' to 'false' to disable
[2024-08-30 00:25:13,792] [INFO] [restartedMain] [o.s.b.d.e.DevToolsPropertyDefaultsPostProcessor.logTo:252]: For additional web related logging consider setting the 'logging.level.web' property to 'DEBUG'
[2024-08-30 00:25:14,400] [INFO] [restartedMain] [o.s.d.r.c.RepositoryConfigurationDelegate.registerRepositoriesIn:143]: Bootstrapping Spring Data JPA repositories in DEFAULT mode.
[2024-08-30 00:25:14,463] [INFO] [restartedMain] [o.s.d.r.c.RepositoryConfigurationDelegate.registerRepositoriesIn:211]: Finished Spring Data repository scanning in 49 ms. Found 3 JPA repository interfaces.
[2024-08-30 00:25:15,426] [INFO] [restartedMain] [o.s.b.w.embedded.tomcat.TomcatWebServer.initialize:111]: Tomcat initialized with port 8000 (http)
[2024-08-30 00:25:15,524] [INFO] [restartedMain] [o.s.b.w.s.c.ServletWebServerApplicationContext.prepareWebApplicationContext:296]: Root WebApplicationContext: initialization completed in 1728 ms
[2024-08-30 00:25:16,185] [INFO] [restartedMain] [o.s.o.j.p.SpringPersistenceUnitInfo.addTransformer:87]: No LoadTimeWeaver setup: ignoring JPA class transformer
[2024-08-30 00:25:17,868] [INFO] [restartedMain] [o.s.o.j.LocalContainerEntityManagerFactoryBean.buildNativeEntityManagerFactory:437]: Initialized JPA EntityManagerFactory for persistence unit 'default'
[2024-08-30 00:25:18,826] [INFO] [restartedMain] [o.s.b.d.a.OptionalLiveReloadServer.startServer:59]: LiveReload server is running on port 35729
[2024-08-30 00:25:18,888] [INFO] [restartedMain] [o.s.b.w.embedded.tomcat.TomcatWebServer.start:243]: Tomcat started on port 8000 (http) with context path '/'
[2024-08-30 00:25:18,910] [INFO] [restartedMain] [c.tc.booking.api.BookingApiApplication.logStarted:56]: Started BookingApiApplication in 5.958 seconds (process running for 6.542)
[2024-08-30 00:25:29,529] [INFO] [http-nio-8000-exec-2] [o.s.web.servlet.DispatcherServlet.initServletBean:532]: Initializing Servlet 'dispatcherServlet'
[2024-08-30 00:25:29,534] [INFO] [http-nio-8000-exec-2] [o.s.web.servlet.DispatcherServlet.initServletBean:554]: Completed initialization in 1 ms
[2024-08-30 00:27:06,058] [WARN] [http-nio-8000-exec-5] [o.s.w.s.m.s.DefaultHandlerExceptionResolver.logException:247]: Resolved [org.springframework.web.bind.MissingServletRequestParameterException: Required request parameter 'username' for method parameter type String is not present]
[2024-08-30 00:27:20,591] [WARN] [http-nio-8000-exec-7] [o.s.w.s.m.s.DefaultHandlerExceptionResolver.logException:247]: Resolved [org.springframework.web.bind.MissingServletRequestParameterException: Required request parameter 'username' for method parameter type String is not present]
[2024-08-30 00:28:09,752] [WARN] [http-nio-8000-exec-1] [o.s.w.s.m.s.DefaultHandlerExceptionResolver.logException:247]: Resolved [org.springframework.web.bind.MissingServletRequestParameterException: Required request parameter 'username' for method parameter type String is not present]
[2024-08-30 00:30:30,803] [ERROR] [http-nio-8000-exec-3] [o.a.c.c.C.[.[.[/].[dispatcherServlet].log:175]: Servlet.service() for servlet [dispatcherServlet] in context with path [] threw exception [Request processing failed: org.springframework.dao.InvalidDataAccessApiUsageException: detached entity passed to persist: com.tc.booking.model.entity.Account] with root cause
org.hibernate.PersistentObjectException: detached entity passed to persist: com.tc.booking.model.entity.Account
	at org.hibernate.event.internal.DefaultPersistEventListener.persist(DefaultPersistEventListener.java:88)
	at org.hibernate.event.internal.DefaultPersistEventListener.onPersist(DefaultPersistEventListener.java:77)
	at org.hibernate.event.service.internal.EventListenerGroupImpl.fireEventOnEachListener(EventListenerGroupImpl.java:138)
	at org.hibernate.internal.SessionImpl.firePersist(SessionImpl.java:799)
	at org.hibernate.internal.SessionImpl.persist(SessionImpl.java:747)
	at org.hibernate.engine.spi.CascadingActions$7.cascade(CascadingActions.java:290)
	at org.hibernate.engine.spi.CascadingActions$7.cascade(CascadingActions.java:280)
	at org.hibernate.engine.internal.Cascade.cascadeToOne(Cascade.java:517)
	at org.hibernate.engine.internal.Cascade.cascadeAssociation(Cascade.java:439)
	at org.hibernate.engine.internal.Cascade.cascadeProperty(Cascade.java:224)
	at org.hibernate.engine.internal.Cascade.cascade(Cascade.java:157)
	at org.hibernate.event.internal.AbstractSaveEventListener.cascadeAfterSave(AbstractSaveEventListener.java:518)
	at org.hibernate.event.internal.AbstractSaveEventListener.performSaveOrReplicate(AbstractSaveEventListener.java:317)
	at org.hibernate.event.internal.AbstractSaveEventListener.performSave(AbstractSaveEventListener.java:224)
	at org.hibernate.event.internal.AbstractSaveEventListener.saveWithGeneratedId(AbstractSaveEventListener.java:137)
	at org.hibernate.event.internal.DefaultPersistEventListener.entityIsTransient(DefaultPersistEventListener.java:175)
	at org.hibernate.event.internal.DefaultPersistEventListener.persist(DefaultPersistEventListener.java:93)
	at org.hibernate.event.internal.DefaultPersistEventListener.onPersist(DefaultPersistEventListener.java:77)
	at org.hibernate.event.internal.DefaultPersistEventListener.onPersist(DefaultPersistEventListener.java:54)
	at org.hibernate.event.service.internal.EventListenerGroupImpl.fireEventOnEachListener(EventListenerGroupImpl.java:127)
	at org.hibernate.internal.SessionImpl.firePersist(SessionImpl.java:757)
	at org.hibernate.internal.SessionImpl.persist(SessionImpl.java:741)
	at java.base/jdk.internal.reflect.NativeMethodAccessorImpl.invoke0(Native Method)
	at java.base/jdk.internal.reflect.NativeMethodAccessorImpl.invoke(NativeMethodAccessorImpl.java:77)
	at java.base/jdk.internal.reflect.DelegatingMethodAccessorImpl.invoke(DelegatingMethodAccessorImpl.java:43)
	at java.base/java.lang.reflect.Method.invoke(Method.java:569)
	at org.springframework.orm.jpa.SharedEntityManagerCreator$SharedEntityManagerInvocationHandler.invoke(SharedEntityManagerCreator.java:319)
	at jdk.proxy4/jdk.proxy4.$Proxy126.persist(Unknown Source)
	at org.springframework.data.jpa.repository.support.SimpleJpaRepository.save(SimpleJpaRepository.java:628)
	at java.base/jdk.internal.reflect.NativeMethodAccessorImpl.invoke0(Native Method)
	at java.base/jdk.internal.reflect.NativeMethodAccessorImpl.invoke(NativeMethodAccessorImpl.java:77)
	at java.base/jdk.internal.reflect.DelegatingMethodAccessorImpl.invoke(DelegatingMethodAccessorImpl.java:43)
	at java.base/java.lang.reflect.Method.invoke(Method.java:569)
	at org.springframework.aop.support.AopUtils.invokeJoinpointUsingReflection(AopUtils.java:354)
	at org.springframework.data.repository.core.support.RepositoryMethodInvoker$RepositoryFragmentMethodInvoker.lambda$new$0(RepositoryMethodInvoker.java:277)
	at org.springframework.data.repository.core.support.RepositoryMethodInvoker.doInvoke(RepositoryMethodInvoker.java:170)
	at org.springframework.data.repository.core.support.RepositoryMethodInvoker.invoke(RepositoryMethodInvoker.java:158)
	at org.springframework.data.repository.core.support.RepositoryComposition$RepositoryFragments.invoke(RepositoryComposition.java:516)
	at org.springframework.data.repository.core.support.RepositoryComposition.invoke(RepositoryComposition.java:285)
	at org.springframework.data.repository.core.support.RepositoryFactorySupport$ImplementationMethodExecutionInterceptor.invoke(RepositoryFactorySupport.java:628)
	at org.springframework.aop.framework.ReflectiveMethodInvocation.proceed(ReflectiveMethodInvocation.java:184)
	at org.springframework.data.repository.core.support.QueryExecutorMethodInterceptor.doInvoke(QueryExecutorMethodInterceptor.java:168)
	at org.springframework.data.repository.core.support.QueryExecutorMethodInterceptor.invoke(QueryExecutorMethodInterceptor.java:143)
	at org.springframework.aop.framework.ReflectiveMethodInvocation.proceed(ReflectiveMethodInvocation.java:184)
	at org.springframework.data.projection.DefaultMethodInvokingMethodInterceptor.invoke(DefaultMethodInvokingMethodInterceptor.java:70)
	at org.springframework.aop.framework.ReflectiveMethodInvocation.proceed(ReflectiveMethodInvocation.java:184)
	at org.springframework.transaction.interceptor.TransactionInterceptor$1.proceedWithInvocation(TransactionInterceptor.java:123)
	at org.springframework.transaction.interceptor.TransactionAspectSupport.invokeWithinTransaction(TransactionAspectSupport.java:392)
	at org.springframework.transaction.interceptor.TransactionInterceptor.invoke(TransactionInterceptor.java:119)
	at org.springframework.aop.framework.ReflectiveMethodInvocation.proceed(ReflectiveMethodInvocation.java:184)
	at org.springframework.dao.support.PersistenceExceptionTranslationInterceptor.invoke(PersistenceExceptionTranslationInterceptor.java:137)
	at org.springframework.aop.framework.ReflectiveMethodInvocation.proceed(ReflectiveMethodInvocation.java:184)
	at org.springframework.data.jpa.repository.support.CrudMethodMetadataPostProcessor$CrudMethodMetadataPopulatingMethodInterceptor.invoke(CrudMethodMetadataPostProcessor.java:165)
	at org.springframework.aop.framework.ReflectiveMethodInvocation.proceed(ReflectiveMethodInvocation.java:184)
	at org.springframework.aop.interceptor.ExposeInvocationInterceptor.invoke(ExposeInvocationInterceptor.java:97)
	at org.springframework.aop.framework.ReflectiveMethodInvocation.proceed(ReflectiveMethodInvocation.java:184)
	at org.springframework.aop.framework.JdkDynamicAopProxy.invoke(JdkDynamicAopProxy.java:223)
	at jdk.proxy4/jdk.proxy4.$Proxy133.save(Unknown Source)
	at com.tc.booking.api.controller.RegistrationController.register(RegistrationController.java:42)
	at java.base/jdk.internal.reflect.NativeMethodAccessorImpl.invoke0(Native Method)
	at java.base/jdk.internal.reflect.NativeMethodAccessorImpl.invoke(NativeMethodAccessorImpl.java:77)
	at java.base/jdk.internal.reflect.DelegatingMethodAccessorImpl.invoke(DelegatingMethodAccessorImpl.java:43)
	at java.base/java.lang.reflect.Method.invoke(Method.java:569)
	at org.springframework.web.method.support.InvocableHandlerMethod.doInvoke(InvocableHandlerMethod.java:255)
	at org.springframework.web.method.support.InvocableHandlerMethod.invokeForRequest(InvocableHandlerMethod.java:188)
	at org.springframework.web.servlet.mvc.method.annotation.ServletInvocableHandlerMethod.invokeAndHandle(ServletInvocableHandlerMethod.java:118)
	at org.springframework.web.servlet.mvc.method.annotation.RequestMappingHandlerAdapter.invokeHandlerMethod(RequestMappingHandlerAdapter.java:926)
	at org.springframework.web.servlet.mvc.method.annotation.RequestMappingHandlerAdapter.handleInternal(RequestMappingHandlerAdapter.java:831)
	at org.springframework.web.servlet.mvc.method.AbstractHandlerMethodAdapter.handle(AbstractHandlerMethodAdapter.java:87)
	at org.springframework.web.servlet.DispatcherServlet.doDispatch(DispatcherServlet.java:1089)
	at org.springframework.web.servlet.DispatcherServlet.doService(DispatcherServlet.java:979)
	at org.springframework.web.servlet.FrameworkServlet.processRequest(FrameworkServlet.java:1014)
	at org.springframework.web.servlet.FrameworkServlet.doPost(FrameworkServlet.java:914)
	at jakarta.servlet.http.HttpServlet.service(HttpServlet.java:590)
	at org.springframework.web.servlet.FrameworkServlet.service(FrameworkServlet.java:885)
	at jakarta.servlet.http.HttpServlet.service(HttpServlet.java:658)
	at org.apache.catalina.core.ApplicationFilterChain.internalDoFilter(ApplicationFilterChain.java:195)
	at org.apache.catalina.core.ApplicationFilterChain.doFilter(ApplicationFilterChain.java:140)
	at org.apache.tomcat.websocket.server.WsFilter.doFilter(WsFilter.java:51)
	at org.apache.catalina.core.ApplicationFilterChain.internalDoFilter(ApplicationFilterChain.java:164)
	at org.apache.catalina.core.ApplicationFilterChain.doFilter(ApplicationFilterChain.java:140)
	at org.springframework.web.filter.RequestContextFilter.doFilterInternal(RequestContextFilter.java:100)
	at org.springframework.web.filter.OncePerRequestFilter.doFilter(OncePerRequestFilter.java:116)
	at org.apache.catalina.core.ApplicationFilterChain.internalDoFilter(ApplicationFilterChain.java:164)
	at org.apache.catalina.core.ApplicationFilterChain.doFilter(ApplicationFilterChain.java:140)
	at org.springframework.web.filter.FormContentFilter.doFilterInternal(FormContentFilter.java:93)
	at org.springframework.web.filter.OncePerRequestFilter.doFilter(OncePerRequestFilter.java:116)
	at org.apache.catalina.core.ApplicationFilterChain.internalDoFilter(ApplicationFilterChain.java:164)
	at org.apache.catalina.core.ApplicationFilterChain.doFilter(ApplicationFilterChain.java:140)
	at org.springframework.web.filter.CharacterEncodingFilter.doFilterInternal(CharacterEncodingFilter.java:201)
	at org.springframework.web.filter.OncePerRequestFilter.doFilter(OncePerRequestFilter.java:116)
	at org.apache.catalina.core.ApplicationFilterChain.internalDoFilter(ApplicationFilterChain.java:164)
	at org.apache.catalina.core.ApplicationFilterChain.doFilter(ApplicationFilterChain.java:140)
	at org.apache.catalina.core.StandardWrapperValve.invoke(StandardWrapperValve.java:167)
	at org.apache.catalina.core.StandardContextValve.invoke(StandardContextValve.java:90)
	at org.apache.catalina.authenticator.AuthenticatorBase.invoke(AuthenticatorBase.java:483)
	at org.apache.catalina.core.StandardHostValve.invoke(StandardHostValve.java:115)
	at org.apache.catalina.valves.ErrorReportValve.invoke(ErrorReportValve.java:93)
	at org.apache.catalina.core.StandardEngineValve.invoke(StandardEngineValve.java:74)
	at org.apache.catalina.connector.CoyoteAdapter.service(CoyoteAdapter.java:344)
	at org.apache.coyote.http11.Http11Processor.service(Http11Processor.java:384)
	at org.apache.coyote.AbstractProcessorLight.process(AbstractProcessorLight.java:63)
	at org.apache.coyote.AbstractProtocol$ConnectionHandler.process(AbstractProtocol.java:904)
	at org.apache.tomcat.util.net.NioEndpoint$SocketProcessor.doRun(NioEndpoint.java:1741)
	at org.apache.tomcat.util.net.SocketProcessorBase.run(SocketProcessorBase.java:52)
	at org.apache.tomcat.util.threads.ThreadPoolExecutor.runWorker(ThreadPoolExecutor.java:1190)
	at org.apache.tomcat.util.threads.ThreadPoolExecutor$Worker.run(ThreadPoolExecutor.java:659)
	at org.apache.tomcat.util.threads.TaskThread$WrappingRunnable.run(TaskThread.java:63)
	at java.base/java.lang.Thread.run(Thread.java:840)
[2024-08-30 00:31:33,413] [INFO] [SpringApplicationShutdownHook] [o.s.o.j.LocalContainerEntityManagerFactoryBean.destroy:650]: Closing JPA EntityManagerFactory for persistence unit 'default'
[2024-08-30 00:31:43,267] [INFO] [restartedMain] [c.tc.booking.api.BookingApiApplication.logStarting:50]: Starting BookingApiApplication using Java 17.0.12 with PID 22556 (D:\TTDN2\gitrepo\booking-api\target\classes started by Admin in D:\TTDN2\gitrepo\booking-api)
[2024-08-30 00:31:43,272] [DEBUG] [restartedMain] [c.tc.booking.api.BookingApiApplication.logStarting:51]: Running with Spring Boot v3.3.3, Spring v6.1.8
[2024-08-30 00:31:43,276] [INFO] [restartedMain] [c.tc.booking.api.BookingApiApplication.logStartupProfileInfo:660]: The following 1 profile is active: "local"
[2024-08-30 00:31:43,346] [INFO] [restartedMain] [o.s.b.d.e.DevToolsPropertyDefaultsPostProcessor.logTo:252]: Devtools property defaults active! Set 'spring.devtools.add-properties' to 'false' to disable
[2024-08-30 00:31:43,350] [INFO] [restartedMain] [o.s.b.d.e.DevToolsPropertyDefaultsPostProcessor.logTo:252]: For additional web related logging consider setting the 'logging.level.web' property to 'DEBUG'
[2024-08-30 00:31:43,925] [INFO] [restartedMain] [o.s.d.r.c.RepositoryConfigurationDelegate.registerRepositoriesIn:143]: Bootstrapping Spring Data JPA repositories in DEFAULT mode.
[2024-08-30 00:31:43,988] [INFO] [restartedMain] [o.s.d.r.c.RepositoryConfigurationDelegate.registerRepositoriesIn:211]: Finished Spring Data repository scanning in 49 ms. Found 3 JPA repository interfaces.
[2024-08-30 00:31:44,943] [INFO] [restartedMain] [o.s.b.w.embedded.tomcat.TomcatWebServer.initialize:111]: Tomcat initialized with port 8000 (http)
[2024-08-30 00:31:45,040] [INFO] [restartedMain] [o.s.b.w.s.c.ServletWebServerApplicationContext.prepareWebApplicationContext:296]: Root WebApplicationContext: initialization completed in 1687 ms
[2024-08-30 00:31:45,696] [INFO] [restartedMain] [o.s.o.j.p.SpringPersistenceUnitInfo.addTransformer:87]: No LoadTimeWeaver setup: ignoring JPA class transformer
[2024-08-30 00:31:47,186] [INFO] [restartedMain] [o.s.o.j.LocalContainerEntityManagerFactoryBean.buildNativeEntityManagerFactory:437]: Initialized JPA EntityManagerFactory for persistence unit 'default'
[2024-08-30 00:31:47,951] [INFO] [restartedMain] [o.s.b.d.a.OptionalLiveReloadServer.startServer:59]: LiveReload server is running on port 35729
[2024-08-30 00:31:47,991] [INFO] [restartedMain] [o.s.b.w.embedded.tomcat.TomcatWebServer.start:243]: Tomcat started on port 8000 (http) with context path '/'
[2024-08-30 00:31:48,008] [INFO] [restartedMain] [c.tc.booking.api.BookingApiApplication.logStarted:56]: Started BookingApiApplication in 5.47 seconds (process running for 6.091)
[2024-08-30 00:32:05,449] [INFO] [http-nio-8000-exec-1] [o.s.web.servlet.DispatcherServlet.initServletBean:532]: Initializing Servlet 'dispatcherServlet'
[2024-08-30 00:32:05,452] [INFO] [http-nio-8000-exec-1] [o.s.web.servlet.DispatcherServlet.initServletBean:554]: Completed initialization in 1 ms
[2024-08-30 00:34:09,760] [ERROR] [http-nio-8000-exec-6] [o.a.c.c.C.[.[.[/].[dispatcherServlet].log:175]: Servlet.service() for servlet [dispatcherServlet] in context with path [] threw exception [Request processing failed: org.springframework.dao.InvalidDataAccessApiUsageException: detached entity passed to persist: com.tc.booking.model.entity.Account] with root cause
org.hibernate.PersistentObjectException: detached entity passed to persist: com.tc.booking.model.entity.Account
	at org.hibernate.event.internal.DefaultPersistEventListener.persist(DefaultPersistEventListener.java:88)
	at org.hibernate.event.internal.DefaultPersistEventListener.onPersist(DefaultPersistEventListener.java:77)
	at org.hibernate.event.service.internal.EventListenerGroupImpl.fireEventOnEachListener(EventListenerGroupImpl.java:138)
	at org.hibernate.internal.SessionImpl.firePersist(SessionImpl.java:799)
	at org.hibernate.internal.SessionImpl.persist(SessionImpl.java:747)
	at org.hibernate.engine.spi.CascadingActions$7.cascade(CascadingActions.java:290)
	at org.hibernate.engine.spi.CascadingActions$7.cascade(CascadingActions.java:280)
	at org.hibernate.engine.internal.Cascade.cascadeToOne(Cascade.java:517)
	at org.hibernate.engine.internal.Cascade.cascadeAssociation(Cascade.java:439)
	at org.hibernate.engine.internal.Cascade.cascadeProperty(Cascade.java:224)
	at org.hibernate.engine.internal.Cascade.cascade(Cascade.java:157)
	at org.hibernate.event.internal.AbstractSaveEventListener.cascadeAfterSave(AbstractSaveEventListener.java:518)
	at org.hibernate.event.internal.AbstractSaveEventListener.performSaveOrReplicate(AbstractSaveEventListener.java:317)
	at org.hibernate.event.internal.AbstractSaveEventListener.performSave(AbstractSaveEventListener.java:224)
	at org.hibernate.event.internal.AbstractSaveEventListener.saveWithGeneratedId(AbstractSaveEventListener.java:137)
	at org.hibernate.event.internal.DefaultPersistEventListener.entityIsTransient(DefaultPersistEventListener.java:175)
	at org.hibernate.event.internal.DefaultPersistEventListener.persist(DefaultPersistEventListener.java:93)
	at org.hibernate.event.internal.DefaultPersistEventListener.onPersist(DefaultPersistEventListener.java:77)
	at org.hibernate.event.internal.DefaultPersistEventListener.onPersist(DefaultPersistEventListener.java:54)
	at org.hibernate.event.service.internal.EventListenerGroupImpl.fireEventOnEachListener(EventListenerGroupImpl.java:127)
	at org.hibernate.internal.SessionImpl.firePersist(SessionImpl.java:757)
	at org.hibernate.internal.SessionImpl.persist(SessionImpl.java:741)
	at java.base/jdk.internal.reflect.NativeMethodAccessorImpl.invoke0(Native Method)
	at java.base/jdk.internal.reflect.NativeMethodAccessorImpl.invoke(NativeMethodAccessorImpl.java:77)
	at java.base/jdk.internal.reflect.DelegatingMethodAccessorImpl.invoke(DelegatingMethodAccessorImpl.java:43)
	at java.base/java.lang.reflect.Method.invoke(Method.java:569)
	at org.springframework.orm.jpa.SharedEntityManagerCreator$SharedEntityManagerInvocationHandler.invoke(SharedEntityManagerCreator.java:319)
	at jdk.proxy4/jdk.proxy4.$Proxy126.persist(Unknown Source)
	at org.springframework.data.jpa.repository.support.SimpleJpaRepository.save(SimpleJpaRepository.java:628)
	at java.base/jdk.internal.reflect.NativeMethodAccessorImpl.invoke0(Native Method)
	at java.base/jdk.internal.reflect.NativeMethodAccessorImpl.invoke(NativeMethodAccessorImpl.java:77)
	at java.base/jdk.internal.reflect.DelegatingMethodAccessorImpl.invoke(DelegatingMethodAccessorImpl.java:43)
	at java.base/java.lang.reflect.Method.invoke(Method.java:569)
	at org.springframework.aop.support.AopUtils.invokeJoinpointUsingReflection(AopUtils.java:354)
	at org.springframework.data.repository.core.support.RepositoryMethodInvoker$RepositoryFragmentMethodInvoker.lambda$new$0(RepositoryMethodInvoker.java:277)
	at org.springframework.data.repository.core.support.RepositoryMethodInvoker.doInvoke(RepositoryMethodInvoker.java:170)
	at org.springframework.data.repository.core.support.RepositoryMethodInvoker.invoke(RepositoryMethodInvoker.java:158)
	at org.springframework.data.repository.core.support.RepositoryComposition$RepositoryFragments.invoke(RepositoryComposition.java:516)
	at org.springframework.data.repository.core.support.RepositoryComposition.invoke(RepositoryComposition.java:285)
	at org.springframework.data.repository.core.support.RepositoryFactorySupport$ImplementationMethodExecutionInterceptor.invoke(RepositoryFactorySupport.java:628)
	at org.springframework.aop.framework.ReflectiveMethodInvocation.proceed(ReflectiveMethodInvocation.java:184)
	at org.springframework.data.repository.core.support.QueryExecutorMethodInterceptor.doInvoke(QueryExecutorMethodInterceptor.java:168)
	at org.springframework.data.repository.core.support.QueryExecutorMethodInterceptor.invoke(QueryExecutorMethodInterceptor.java:143)
	at org.springframework.aop.framework.ReflectiveMethodInvocation.proceed(ReflectiveMethodInvocation.java:184)
	at org.springframework.data.projection.DefaultMethodInvokingMethodInterceptor.invoke(DefaultMethodInvokingMethodInterceptor.java:70)
	at org.springframework.aop.framework.ReflectiveMethodInvocation.proceed(ReflectiveMethodInvocation.java:184)
	at org.springframework.transaction.interceptor.TransactionInterceptor$1.proceedWithInvocation(TransactionInterceptor.java:123)
	at org.springframework.transaction.interceptor.TransactionAspectSupport.invokeWithinTransaction(TransactionAspectSupport.java:392)
	at org.springframework.transaction.interceptor.TransactionInterceptor.invoke(TransactionInterceptor.java:119)
	at org.springframework.aop.framework.ReflectiveMethodInvocation.proceed(ReflectiveMethodInvocation.java:184)
	at org.springframework.dao.support.PersistenceExceptionTranslationInterceptor.invoke(PersistenceExceptionTranslationInterceptor.java:137)
	at org.springframework.aop.framework.ReflectiveMethodInvocation.proceed(ReflectiveMethodInvocation.java:184)
	at org.springframework.data.jpa.repository.support.CrudMethodMetadataPostProcessor$CrudMethodMetadataPopulatingMethodInterceptor.invoke(CrudMethodMetadataPostProcessor.java:165)
	at org.springframework.aop.framework.ReflectiveMethodInvocation.proceed(ReflectiveMethodInvocation.java:184)
	at org.springframework.aop.interceptor.ExposeInvocationInterceptor.invoke(ExposeInvocationInterceptor.java:97)
	at org.springframework.aop.framework.ReflectiveMethodInvocation.proceed(ReflectiveMethodInvocation.java:184)
	at org.springframework.aop.framework.JdkDynamicAopProxy.invoke(JdkDynamicAopProxy.java:223)
	at jdk.proxy4/jdk.proxy4.$Proxy133.save(Unknown Source)
	at com.tc.booking.api.controller.RegistrationController.register(RegistrationController.java:42)
	at java.base/jdk.internal.reflect.NativeMethodAccessorImpl.invoke0(Native Method)
	at java.base/jdk.internal.reflect.NativeMethodAccessorImpl.invoke(NativeMethodAccessorImpl.java:77)
	at java.base/jdk.internal.reflect.DelegatingMethodAccessorImpl.invoke(DelegatingMethodAccessorImpl.java:43)
	at java.base/java.lang.reflect.Method.invoke(Method.java:569)
	at org.springframework.web.method.support.InvocableHandlerMethod.doInvoke(InvocableHandlerMethod.java:255)
	at org.springframework.web.method.support.InvocableHandlerMethod.invokeForRequest(InvocableHandlerMethod.java:188)
	at org.springframework.web.servlet.mvc.method.annotation.ServletInvocableHandlerMethod.invokeAndHandle(ServletInvocableHandlerMethod.java:118)
	at org.springframework.web.servlet.mvc.method.annotation.RequestMappingHandlerAdapter.invokeHandlerMethod(RequestMappingHandlerAdapter.java:926)
	at org.springframework.web.servlet.mvc.method.annotation.RequestMappingHandlerAdapter.handleInternal(RequestMappingHandlerAdapter.java:831)
	at org.springframework.web.servlet.mvc.method.AbstractHandlerMethodAdapter.handle(AbstractHandlerMethodAdapter.java:87)
	at org.springframework.web.servlet.DispatcherServlet.doDispatch(DispatcherServlet.java:1089)
	at org.springframework.web.servlet.DispatcherServlet.doService(DispatcherServlet.java:979)
	at org.springframework.web.servlet.FrameworkServlet.processRequest(FrameworkServlet.java:1014)
	at org.springframework.web.servlet.FrameworkServlet.doPost(FrameworkServlet.java:914)
	at jakarta.servlet.http.HttpServlet.service(HttpServlet.java:590)
	at org.springframework.web.servlet.FrameworkServlet.service(FrameworkServlet.java:885)
	at jakarta.servlet.http.HttpServlet.service(HttpServlet.java:658)
	at org.apache.catalina.core.ApplicationFilterChain.internalDoFilter(ApplicationFilterChain.java:195)
	at org.apache.catalina.core.ApplicationFilterChain.doFilter(ApplicationFilterChain.java:140)
	at org.apache.tomcat.websocket.server.WsFilter.doFilter(WsFilter.java:51)
	at org.apache.catalina.core.ApplicationFilterChain.internalDoFilter(ApplicationFilterChain.java:164)
	at org.apache.catalina.core.ApplicationFilterChain.doFilter(ApplicationFilterChain.java:140)
	at org.springframework.web.filter.RequestContextFilter.doFilterInternal(RequestContextFilter.java:100)
	at org.springframework.web.filter.OncePerRequestFilter.doFilter(OncePerRequestFilter.java:116)
	at org.apache.catalina.core.ApplicationFilterChain.internalDoFilter(ApplicationFilterChain.java:164)
	at org.apache.catalina.core.ApplicationFilterChain.doFilter(ApplicationFilterChain.java:140)
	at org.springframework.web.filter.FormContentFilter.doFilterInternal(FormContentFilter.java:93)
	at org.springframework.web.filter.OncePerRequestFilter.doFilter(OncePerRequestFilter.java:116)
	at org.apache.catalina.core.ApplicationFilterChain.internalDoFilter(ApplicationFilterChain.java:164)
	at org.apache.catalina.core.ApplicationFilterChain.doFilter(ApplicationFilterChain.java:140)
	at org.springframework.web.filter.CharacterEncodingFilter.doFilterInternal(CharacterEncodingFilter.java:201)
	at org.springframework.web.filter.OncePerRequestFilter.doFilter(OncePerRequestFilter.java:116)
	at org.apache.catalina.core.ApplicationFilterChain.internalDoFilter(ApplicationFilterChain.java:164)
	at org.apache.catalina.core.ApplicationFilterChain.doFilter(ApplicationFilterChain.java:140)
	at org.apache.catalina.core.StandardWrapperValve.invoke(StandardWrapperValve.java:167)
	at org.apache.catalina.core.StandardContextValve.invoke(StandardContextValve.java:90)
	at org.apache.catalina.authenticator.AuthenticatorBase.invoke(AuthenticatorBase.java:483)
	at org.apache.catalina.core.StandardHostValve.invoke(StandardHostValve.java:115)
	at org.apache.catalina.valves.ErrorReportValve.invoke(ErrorReportValve.java:93)
	at org.apache.catalina.core.StandardEngineValve.invoke(StandardEngineValve.java:74)
	at org.apache.catalina.connector.CoyoteAdapter.service(CoyoteAdapter.java:344)
	at org.apache.coyote.http11.Http11Processor.service(Http11Processor.java:384)
	at org.apache.coyote.AbstractProcessorLight.process(AbstractProcessorLight.java:63)
	at org.apache.coyote.AbstractProtocol$ConnectionHandler.process(AbstractProtocol.java:904)
	at org.apache.tomcat.util.net.NioEndpoint$SocketProcessor.doRun(NioEndpoint.java:1741)
	at org.apache.tomcat.util.net.SocketProcessorBase.run(SocketProcessorBase.java:52)
	at org.apache.tomcat.util.threads.ThreadPoolExecutor.runWorker(ThreadPoolExecutor.java:1190)
	at org.apache.tomcat.util.threads.ThreadPoolExecutor$Worker.run(ThreadPoolExecutor.java:659)
	at org.apache.tomcat.util.threads.TaskThread$WrappingRunnable.run(TaskThread.java:63)
	at java.base/java.lang.Thread.run(Thread.java:840)
[2024-08-30 00:34:56,370] [ERROR] [http-nio-8000-exec-9] [o.a.c.c.C.[.[.[/].[dispatcherServlet].log:175]: Servlet.service() for servlet [dispatcherServlet] in context with path [] threw exception [Request processing failed: org.springframework.dao.InvalidDataAccessApiUsageException: detached entity passed to persist: com.tc.booking.model.entity.Account] with root cause
org.hibernate.PersistentObjectException: detached entity passed to persist: com.tc.booking.model.entity.Account
	at org.hibernate.event.internal.DefaultPersistEventListener.persist(DefaultPersistEventListener.java:88)
	at org.hibernate.event.internal.DefaultPersistEventListener.onPersist(DefaultPersistEventListener.java:77)
	at org.hibernate.event.service.internal.EventListenerGroupImpl.fireEventOnEachListener(EventListenerGroupImpl.java:138)
	at org.hibernate.internal.SessionImpl.firePersist(SessionImpl.java:799)
	at org.hibernate.internal.SessionImpl.persist(SessionImpl.java:747)
	at org.hibernate.engine.spi.CascadingActions$7.cascade(CascadingActions.java:290)
	at org.hibernate.engine.spi.CascadingActions$7.cascade(CascadingActions.java:280)
	at org.hibernate.engine.internal.Cascade.cascadeToOne(Cascade.java:517)
	at org.hibernate.engine.internal.Cascade.cascadeAssociation(Cascade.java:439)
	at org.hibernate.engine.internal.Cascade.cascadeProperty(Cascade.java:224)
	at org.hibernate.engine.internal.Cascade.cascade(Cascade.java:157)
	at org.hibernate.event.internal.AbstractSaveEventListener.cascadeAfterSave(AbstractSaveEventListener.java:518)
	at org.hibernate.event.internal.AbstractSaveEventListener.performSaveOrReplicate(AbstractSaveEventListener.java:317)
	at org.hibernate.event.internal.AbstractSaveEventListener.performSave(AbstractSaveEventListener.java:224)
	at org.hibernate.event.internal.AbstractSaveEventListener.saveWithGeneratedId(AbstractSaveEventListener.java:137)
	at org.hibernate.event.internal.DefaultPersistEventListener.entityIsTransient(DefaultPersistEventListener.java:175)
	at org.hibernate.event.internal.DefaultPersistEventListener.persist(DefaultPersistEventListener.java:93)
	at org.hibernate.event.internal.DefaultPersistEventListener.onPersist(DefaultPersistEventListener.java:77)
	at org.hibernate.event.internal.DefaultPersistEventListener.onPersist(DefaultPersistEventListener.java:54)
	at org.hibernate.event.service.internal.EventListenerGroupImpl.fireEventOnEachListener(EventListenerGroupImpl.java:127)
	at org.hibernate.internal.SessionImpl.firePersist(SessionImpl.java:757)
	at org.hibernate.internal.SessionImpl.persist(SessionImpl.java:741)
	at java.base/jdk.internal.reflect.NativeMethodAccessorImpl.invoke0(Native Method)
	at java.base/jdk.internal.reflect.NativeMethodAccessorImpl.invoke(NativeMethodAccessorImpl.java:77)
	at java.base/jdk.internal.reflect.DelegatingMethodAccessorImpl.invoke(DelegatingMethodAccessorImpl.java:43)
	at java.base/java.lang.reflect.Method.invoke(Method.java:569)
	at org.springframework.orm.jpa.SharedEntityManagerCreator$SharedEntityManagerInvocationHandler.invoke(SharedEntityManagerCreator.java:319)
	at jdk.proxy4/jdk.proxy4.$Proxy126.persist(Unknown Source)
	at org.springframework.data.jpa.repository.support.SimpleJpaRepository.save(SimpleJpaRepository.java:628)
	at java.base/jdk.internal.reflect.NativeMethodAccessorImpl.invoke0(Native Method)
	at java.base/jdk.internal.reflect.NativeMethodAccessorImpl.invoke(NativeMethodAccessorImpl.java:77)
	at java.base/jdk.internal.reflect.DelegatingMethodAccessorImpl.invoke(DelegatingMethodAccessorImpl.java:43)
	at java.base/java.lang.reflect.Method.invoke(Method.java:569)
	at org.springframework.aop.support.AopUtils.invokeJoinpointUsingReflection(AopUtils.java:354)
	at org.springframework.data.repository.core.support.RepositoryMethodInvoker$RepositoryFragmentMethodInvoker.lambda$new$0(RepositoryMethodInvoker.java:277)
	at org.springframework.data.repository.core.support.RepositoryMethodInvoker.doInvoke(RepositoryMethodInvoker.java:170)
	at org.springframework.data.repository.core.support.RepositoryMethodInvoker.invoke(RepositoryMethodInvoker.java:158)
	at org.springframework.data.repository.core.support.RepositoryComposition$RepositoryFragments.invoke(RepositoryComposition.java:516)
	at org.springframework.data.repository.core.support.RepositoryComposition.invoke(RepositoryComposition.java:285)
	at org.springframework.data.repository.core.support.RepositoryFactorySupport$ImplementationMethodExecutionInterceptor.invoke(RepositoryFactorySupport.java:628)
	at org.springframework.aop.framework.ReflectiveMethodInvocation.proceed(ReflectiveMethodInvocation.java:184)
	at org.springframework.data.repository.core.support.QueryExecutorMethodInterceptor.doInvoke(QueryExecutorMethodInterceptor.java:168)
	at org.springframework.data.repository.core.support.QueryExecutorMethodInterceptor.invoke(QueryExecutorMethodInterceptor.java:143)
	at org.springframework.aop.framework.ReflectiveMethodInvocation.proceed(ReflectiveMethodInvocation.java:184)
	at org.springframework.data.projection.DefaultMethodInvokingMethodInterceptor.invoke(DefaultMethodInvokingMethodInterceptor.java:70)
	at org.springframework.aop.framework.ReflectiveMethodInvocation.proceed(ReflectiveMethodInvocation.java:184)
	at org.springframework.transaction.interceptor.TransactionInterceptor$1.proceedWithInvocation(TransactionInterceptor.java:123)
	at org.springframework.transaction.interceptor.TransactionAspectSupport.invokeWithinTransaction(TransactionAspectSupport.java:392)
	at org.springframework.transaction.interceptor.TransactionInterceptor.invoke(TransactionInterceptor.java:119)
	at org.springframework.aop.framework.ReflectiveMethodInvocation.proceed(ReflectiveMethodInvocation.java:184)
	at org.springframework.dao.support.PersistenceExceptionTranslationInterceptor.invoke(PersistenceExceptionTranslationInterceptor.java:137)
	at org.springframework.aop.framework.ReflectiveMethodInvocation.proceed(ReflectiveMethodInvocation.java:184)
	at org.springframework.data.jpa.repository.support.CrudMethodMetadataPostProcessor$CrudMethodMetadataPopulatingMethodInterceptor.invoke(CrudMethodMetadataPostProcessor.java:165)
	at org.springframework.aop.framework.ReflectiveMethodInvocation.proceed(ReflectiveMethodInvocation.java:184)
	at org.springframework.aop.interceptor.ExposeInvocationInterceptor.invoke(ExposeInvocationInterceptor.java:97)
	at org.springframework.aop.framework.ReflectiveMethodInvocation.proceed(ReflectiveMethodInvocation.java:184)
	at org.springframework.aop.framework.JdkDynamicAopProxy.invoke(JdkDynamicAopProxy.java:223)
	at jdk.proxy4/jdk.proxy4.$Proxy133.save(Unknown Source)
	at com.tc.booking.api.controller.RegistrationController.register(RegistrationController.java:42)
	at java.base/jdk.internal.reflect.NativeMethodAccessorImpl.invoke0(Native Method)
	at java.base/jdk.internal.reflect.NativeMethodAccessorImpl.invoke(NativeMethodAccessorImpl.java:77)
	at java.base/jdk.internal.reflect.DelegatingMethodAccessorImpl.invoke(DelegatingMethodAccessorImpl.java:43)
	at java.base/java.lang.reflect.Method.invoke(Method.java:569)
	at org.springframework.web.method.support.InvocableHandlerMethod.doInvoke(InvocableHandlerMethod.java:255)
	at org.springframework.web.method.support.InvocableHandlerMethod.invokeForRequest(InvocableHandlerMethod.java:188)
	at org.springframework.web.servlet.mvc.method.annotation.ServletInvocableHandlerMethod.invokeAndHandle(ServletInvocableHandlerMethod.java:118)
	at org.springframework.web.servlet.mvc.method.annotation.RequestMappingHandlerAdapter.invokeHandlerMethod(RequestMappingHandlerAdapter.java:926)
	at org.springframework.web.servlet.mvc.method.annotation.RequestMappingHandlerAdapter.handleInternal(RequestMappingHandlerAdapter.java:831)
	at org.springframework.web.servlet.mvc.method.AbstractHandlerMethodAdapter.handle(AbstractHandlerMethodAdapter.java:87)
	at org.springframework.web.servlet.DispatcherServlet.doDispatch(DispatcherServlet.java:1089)
	at org.springframework.web.servlet.DispatcherServlet.doService(DispatcherServlet.java:979)
	at org.springframework.web.servlet.FrameworkServlet.processRequest(FrameworkServlet.java:1014)
	at org.springframework.web.servlet.FrameworkServlet.doPost(FrameworkServlet.java:914)
	at jakarta.servlet.http.HttpServlet.service(HttpServlet.java:590)
	at org.springframework.web.servlet.FrameworkServlet.service(FrameworkServlet.java:885)
	at jakarta.servlet.http.HttpServlet.service(HttpServlet.java:658)
	at org.apache.catalina.core.ApplicationFilterChain.internalDoFilter(ApplicationFilterChain.java:195)
	at org.apache.catalina.core.ApplicationFilterChain.doFilter(ApplicationFilterChain.java:140)
	at org.apache.tomcat.websocket.server.WsFilter.doFilter(WsFilter.java:51)
	at org.apache.catalina.core.ApplicationFilterChain.internalDoFilter(ApplicationFilterChain.java:164)
	at org.apache.catalina.core.ApplicationFilterChain.doFilter(ApplicationFilterChain.java:140)
	at org.springframework.web.filter.RequestContextFilter.doFilterInternal(RequestContextFilter.java:100)
	at org.springframework.web.filter.OncePerRequestFilter.doFilter(OncePerRequestFilter.java:116)
	at org.apache.catalina.core.ApplicationFilterChain.internalDoFilter(ApplicationFilterChain.java:164)
	at org.apache.catalina.core.ApplicationFilterChain.doFilter(ApplicationFilterChain.java:140)
	at org.springframework.web.filter.FormContentFilter.doFilterInternal(FormContentFilter.java:93)
	at org.springframework.web.filter.OncePerRequestFilter.doFilter(OncePerRequestFilter.java:116)
	at org.apache.catalina.core.ApplicationFilterChain.internalDoFilter(ApplicationFilterChain.java:164)
	at org.apache.catalina.core.ApplicationFilterChain.doFilter(ApplicationFilterChain.java:140)
	at org.springframework.web.filter.CharacterEncodingFilter.doFilterInternal(CharacterEncodingFilter.java:201)
	at org.springframework.web.filter.OncePerRequestFilter.doFilter(OncePerRequestFilter.java:116)
	at org.apache.catalina.core.ApplicationFilterChain.internalDoFilter(ApplicationFilterChain.java:164)
	at org.apache.catalina.core.ApplicationFilterChain.doFilter(ApplicationFilterChain.java:140)
	at org.apache.catalina.core.StandardWrapperValve.invoke(StandardWrapperValve.java:167)
	at org.apache.catalina.core.StandardContextValve.invoke(StandardContextValve.java:90)
	at org.apache.catalina.authenticator.AuthenticatorBase.invoke(AuthenticatorBase.java:483)
	at org.apache.catalina.core.StandardHostValve.invoke(StandardHostValve.java:115)
	at org.apache.catalina.valves.ErrorReportValve.invoke(ErrorReportValve.java:93)
	at org.apache.catalina.core.StandardEngineValve.invoke(StandardEngineValve.java:74)
	at org.apache.catalina.connector.CoyoteAdapter.service(CoyoteAdapter.java:344)
	at org.apache.coyote.http11.Http11Processor.service(Http11Processor.java:384)
	at org.apache.coyote.AbstractProcessorLight.process(AbstractProcessorLight.java:63)
	at org.apache.coyote.AbstractProtocol$ConnectionHandler.process(AbstractProtocol.java:904)
	at org.apache.tomcat.util.net.NioEndpoint$SocketProcessor.doRun(NioEndpoint.java:1741)
	at org.apache.tomcat.util.net.SocketProcessorBase.run(SocketProcessorBase.java:52)
	at org.apache.tomcat.util.threads.ThreadPoolExecutor.runWorker(ThreadPoolExecutor.java:1190)
	at org.apache.tomcat.util.threads.ThreadPoolExecutor$Worker.run(ThreadPoolExecutor.java:659)
	at org.apache.tomcat.util.threads.TaskThread$WrappingRunnable.run(TaskThread.java:63)
	at java.base/java.lang.Thread.run(Thread.java:840)
[2024-08-30 00:35:15,134] [WARN] [http-nio-8000-exec-3] [o.s.w.s.m.s.DefaultHandlerExceptionResolver.logException:247]: Resolved [org.springframework.web.bind.MissingServletRequestParameterException: Required request parameter 'username' for method parameter type String is not present]
[2024-08-30 00:35:42,065] [WARN] [http-nio-8000-exec-2] [o.s.w.s.m.s.DefaultHandlerExceptionResolver.logException:247]: Resolved [org.springframework.web.bind.MissingServletRequestParameterException: Required request parameter 'username' for method parameter type String is not present]
[2024-08-30 00:40:10,721] [INFO] [SpringApplicationShutdownHook] [o.s.o.j.LocalContainerEntityManagerFactoryBean.destroy:650]: Closing JPA EntityManagerFactory for persistence unit 'default'
[2024-08-30 00:40:41,682] [INFO] [restartedMain] [c.tc.booking.api.BookingApiApplication.logStarting:50]: Starting BookingApiApplication using Java 17.0.12 with PID 12252 (D:\TTDN2\gitrepo\booking-api\target\classes started by Admin in D:\TTDN2\gitrepo\booking-api)
[2024-08-30 00:40:41,688] [DEBUG] [restartedMain] [c.tc.booking.api.BookingApiApplication.logStarting:51]: Running with Spring Boot v3.3.3, Spring v6.1.8
[2024-08-30 00:40:41,690] [INFO] [restartedMain] [c.tc.booking.api.BookingApiApplication.logStartupProfileInfo:660]: The following 1 profile is active: "local"
[2024-08-30 00:40:41,761] [INFO] [restartedMain] [o.s.b.d.e.DevToolsPropertyDefaultsPostProcessor.logTo:252]: Devtools property defaults active! Set 'spring.devtools.add-properties' to 'false' to disable
[2024-08-30 00:40:41,765] [INFO] [restartedMain] [o.s.b.d.e.DevToolsPropertyDefaultsPostProcessor.logTo:252]: For additional web related logging consider setting the 'logging.level.web' property to 'DEBUG'
[2024-08-30 00:40:42,387] [INFO] [restartedMain] [o.s.d.r.c.RepositoryConfigurationDelegate.registerRepositoriesIn:143]: Bootstrapping Spring Data JPA repositories in DEFAULT mode.
[2024-08-30 00:40:42,452] [INFO] [restartedMain] [o.s.d.r.c.RepositoryConfigurationDelegate.registerRepositoriesIn:211]: Finished Spring Data repository scanning in 50 ms. Found 3 JPA repository interfaces.
[2024-08-30 00:40:43,522] [INFO] [restartedMain] [o.s.b.w.embedded.tomcat.TomcatWebServer.initialize:111]: Tomcat initialized with port 8000 (http)
[2024-08-30 00:40:43,633] [INFO] [restartedMain] [o.s.b.w.s.c.ServletWebServerApplicationContext.prepareWebApplicationContext:296]: Root WebApplicationContext: initialization completed in 1863 ms
[2024-08-30 00:40:44,328] [INFO] [restartedMain] [o.s.o.j.p.SpringPersistenceUnitInfo.addTransformer:87]: No LoadTimeWeaver setup: ignoring JPA class transformer
[2024-08-30 00:40:46,096] [INFO] [restartedMain] [o.s.o.j.LocalContainerEntityManagerFactoryBean.buildNativeEntityManagerFactory:437]: Initialized JPA EntityManagerFactory for persistence unit 'default'
[2024-08-30 00:40:47,021] [INFO] [restartedMain] [o.s.b.d.a.OptionalLiveReloadServer.startServer:59]: LiveReload server is running on port 35729
[2024-08-30 00:40:47,069] [INFO] [restartedMain] [o.s.b.w.embedded.tomcat.TomcatWebServer.start:243]: Tomcat started on port 8000 (http) with context path '/'
[2024-08-30 00:40:47,086] [INFO] [restartedMain] [c.tc.booking.api.BookingApiApplication.logStarted:56]: Started BookingApiApplication in 6.131 seconds (process running for 6.81)
[2024-08-30 00:41:10,090] [INFO] [http-nio-8000-exec-2] [o.s.web.servlet.DispatcherServlet.initServletBean:532]: Initializing Servlet 'dispatcherServlet'
[2024-08-30 00:41:10,094] [INFO] [http-nio-8000-exec-2] [o.s.web.servlet.DispatcherServlet.initServletBean:554]: Completed initialization in 0 ms
[2024-08-30 00:41:24,926] [WARN] [http-nio-8000-exec-3] [o.s.w.s.m.s.DefaultHandlerExceptionResolver.logException:247]: Resolved [org.springframework.web.bind.MissingServletRequestParameterException: Required request parameter 'username' for method parameter type String is not present]
[2024-08-30 00:44:06,277] [INFO] [SpringApplicationShutdownHook] [o.s.o.j.LocalContainerEntityManagerFactoryBean.destroy:650]: Closing JPA EntityManagerFactory for persistence unit 'default'
[2024-08-30 00:44:20,253] [INFO] [restartedMain] [c.tc.booking.api.BookingApiApplication.logStarting:50]: Starting BookingApiApplication using Java 17.0.12 with PID 19880 (D:\TTDN2\gitrepo\booking-api\target\classes started by Admin in D:\TTDN2\gitrepo\booking-api)
[2024-08-30 00:44:20,257] [DEBUG] [restartedMain] [c.tc.booking.api.BookingApiApplication.logStarting:51]: Running with Spring Boot v3.3.3, Spring v6.1.8
[2024-08-30 00:44:20,260] [INFO] [restartedMain] [c.tc.booking.api.BookingApiApplication.logStartupProfileInfo:660]: The following 1 profile is active: "local"
[2024-08-30 00:44:20,331] [INFO] [restartedMain] [o.s.b.d.e.DevToolsPropertyDefaultsPostProcessor.logTo:252]: Devtools property defaults active! Set 'spring.devtools.add-properties' to 'false' to disable
[2024-08-30 00:44:20,333] [INFO] [restartedMain] [o.s.b.d.e.DevToolsPropertyDefaultsPostProcessor.logTo:252]: For additional web related logging consider setting the 'logging.level.web' property to 'DEBUG'
[2024-08-30 00:44:20,923] [INFO] [restartedMain] [o.s.d.r.c.RepositoryConfigurationDelegate.registerRepositoriesIn:143]: Bootstrapping Spring Data JPA repositories in DEFAULT mode.
[2024-08-30 00:44:20,985] [INFO] [restartedMain] [o.s.d.r.c.RepositoryConfigurationDelegate.registerRepositoriesIn:211]: Finished Spring Data repository scanning in 48 ms. Found 3 JPA repository interfaces.
[2024-08-30 00:44:21,931] [INFO] [restartedMain] [o.s.b.w.embedded.tomcat.TomcatWebServer.initialize:111]: Tomcat initialized with port 8000 (http)
[2024-08-30 00:44:22,020] [INFO] [restartedMain] [o.s.b.w.s.c.ServletWebServerApplicationContext.prepareWebApplicationContext:296]: Root WebApplicationContext: initialization completed in 1683 ms
[2024-08-30 00:44:22,723] [INFO] [restartedMain] [o.s.o.j.p.SpringPersistenceUnitInfo.addTransformer:87]: No LoadTimeWeaver setup: ignoring JPA class transformer
[2024-08-30 00:44:24,219] [INFO] [restartedMain] [o.s.o.j.LocalContainerEntityManagerFactoryBean.buildNativeEntityManagerFactory:437]: Initialized JPA EntityManagerFactory for persistence unit 'default'
[2024-08-30 00:44:25,023] [INFO] [restartedMain] [o.s.b.d.a.OptionalLiveReloadServer.startServer:59]: LiveReload server is running on port 35729
[2024-08-30 00:44:25,060] [INFO] [restartedMain] [o.s.b.w.embedded.tomcat.TomcatWebServer.start:243]: Tomcat started on port 8000 (http) with context path '/'
[2024-08-30 00:44:25,078] [INFO] [restartedMain] [c.tc.booking.api.BookingApiApplication.logStarted:56]: Started BookingApiApplication in 5.797 seconds (process running for 6.518)
[2024-08-30 00:45:44,850] [INFO] [http-nio-8000-exec-2] [o.s.web.servlet.DispatcherServlet.initServletBean:532]: Initializing Servlet 'dispatcherServlet'
[2024-08-30 00:45:44,853] [INFO] [http-nio-8000-exec-2] [o.s.web.servlet.DispatcherServlet.initServletBean:554]: Completed initialization in 1 ms
[2024-08-30 00:45:44,903] [WARN] [http-nio-8000-exec-2] [o.s.w.s.m.s.DefaultHandlerExceptionResolver.logException:247]: Resolved [org.springframework.web.bind.MissingServletRequestParameterException: Required request parameter 'username' for method parameter type String is not present]
[2024-08-30 00:48:54,566] [INFO] [SpringApplicationShutdownHook] [o.s.o.j.LocalContainerEntityManagerFactoryBean.destroy:650]: Closing JPA EntityManagerFactory for persistence unit 'default'
[2024-08-30 00:49:09,562] [INFO] [restartedMain] [c.tc.booking.api.BookingApiApplication.logStarting:50]: Starting BookingApiApplication using Java 17.0.12 with PID 17080 (D:\TTDN2\gitrepo\booking-api\target\classes started by Admin in D:\TTDN2\gitrepo\booking-api)
[2024-08-30 00:49:09,565] [DEBUG] [restartedMain] [c.tc.booking.api.BookingApiApplication.logStarting:51]: Running with Spring Boot v3.3.3, Spring v6.1.8
[2024-08-30 00:49:09,569] [INFO] [restartedMain] [c.tc.booking.api.BookingApiApplication.logStartupProfileInfo:660]: The following 1 profile is active: "local"
[2024-08-30 00:49:09,634] [INFO] [restartedMain] [o.s.b.d.e.DevToolsPropertyDefaultsPostProcessor.logTo:252]: Devtools property defaults active! Set 'spring.devtools.add-properties' to 'false' to disable
[2024-08-30 00:49:09,637] [INFO] [restartedMain] [o.s.b.d.e.DevToolsPropertyDefaultsPostProcessor.logTo:252]: For additional web related logging consider setting the 'logging.level.web' property to 'DEBUG'
[2024-08-30 00:49:10,214] [INFO] [restartedMain] [o.s.d.r.c.RepositoryConfigurationDelegate.registerRepositoriesIn:143]: Bootstrapping Spring Data JPA repositories in DEFAULT mode.
[2024-08-30 00:49:10,280] [INFO] [restartedMain] [o.s.d.r.c.RepositoryConfigurationDelegate.registerRepositoriesIn:211]: Finished Spring Data repository scanning in 50 ms. Found 3 JPA repository interfaces.
[2024-08-30 00:49:11,240] [INFO] [restartedMain] [o.s.b.w.embedded.tomcat.TomcatWebServer.initialize:111]: Tomcat initialized with port 8000 (http)
[2024-08-30 00:49:11,333] [INFO] [restartedMain] [o.s.b.w.s.c.ServletWebServerApplicationContext.prepareWebApplicationContext:296]: Root WebApplicationContext: initialization completed in 1693 ms
[2024-08-30 00:49:12,003] [INFO] [restartedMain] [o.s.o.j.p.SpringPersistenceUnitInfo.addTransformer:87]: No LoadTimeWeaver setup: ignoring JPA class transformer
[2024-08-30 00:49:13,534] [INFO] [restartedMain] [o.s.o.j.LocalContainerEntityManagerFactoryBean.buildNativeEntityManagerFactory:437]: Initialized JPA EntityManagerFactory for persistence unit 'default'
[2024-08-30 00:49:14,288] [INFO] [restartedMain] [o.s.b.d.a.OptionalLiveReloadServer.startServer:59]: LiveReload server is running on port 35729
[2024-08-30 00:49:14,329] [INFO] [restartedMain] [o.s.b.w.embedded.tomcat.TomcatWebServer.start:243]: Tomcat started on port 8000 (http) with context path '/'
[2024-08-30 00:49:14,347] [INFO] [restartedMain] [c.tc.booking.api.BookingApiApplication.logStarted:56]: Started BookingApiApplication in 5.507 seconds (process running for 6.065)
[2024-08-30 00:49:19,361] [INFO] [http-nio-8000-exec-1] [o.s.web.servlet.DispatcherServlet.initServletBean:532]: Initializing Servlet 'dispatcherServlet'
[2024-08-30 00:49:19,366] [INFO] [http-nio-8000-exec-1] [o.s.web.servlet.DispatcherServlet.initServletBean:554]: Completed initialization in 1 ms
